<?xml version="1.0" encoding="UTF-8"?>
<testsuite name="ComputerRepairRequestTest" tests="2" skipped="0" failures="0" errors="0" timestamp="2025-03-04T16:58:59" hostname="DESKTOP-IVJHAKB" time="0.035">
  <properties/>
  <testcase name="First Test" classname="ComputerRepairRequestTest" time="0.031"/>
  <testcase name="Test Exemplu" classname="ComputerRepairRequestTest" time="0.002"/>
  <system-out><![CDATA[]]></system-out>
  <system-err><![CDATA[]]></system-err>
</testsuite>
